[2025-01-29 20:32:28] INFO gbox - Found 45 URLs to crawl
[2025-01-29 20:32:37] INFO gbox - Successfully crawled: https://www.gamebanshee.com/poolofradiance/armor.php
[2025-01-29 20:32:37] INFO gbox - Processing https://www.gamebanshee.com/poolofradiance/armor.php
[2025-01-29 20:32:37] ERROR asyncio - Future exception was never retrieved
future: <Future finished exception=TargetClosedError('Target page, context or browser has been closed')>
playwright._impl._errors.TargetClosedError: Target page, context or browser has been closed
[2025-01-29 20:37:22] INFO gbox - Found 45 URLs to crawl
[2025-01-29 20:37:25] INFO gbox - Successfully crawled: https://www.gamebanshee.com/poolofradiance/armor.php
[2025-01-29 20:37:25] INFO gbox - Processing https://www.gamebanshee.com/poolofradiance/armor.php
[2025-01-29 20:37:25] ERROR asyncio - Future exception was never retrieved
future: <Future finished exception=TargetClosedError('Target page, context or browser has been closed')>
playwright._impl._errors.TargetClosedError: Target page, context or browser has been closed
[2025-01-29 20:37:43] INFO gbox - Found 45 URLs to crawl
[2025-01-29 20:37:46] INFO gbox - Successfully crawled: https://www.gamebanshee.com/poolofradiance/armor.php
[2025-01-29 20:37:46] INFO gbox - Processing https://www.gamebanshee.com/poolofradiance/armor.php
[2025-01-29 20:37:48] INFO gbox - Successfully crawled: https://www.gamebanshee.com/poolofradiance/meleeweapons.php
[2025-01-29 20:37:48] INFO gbox - Processing https://www.gamebanshee.com/poolofradiance/meleeweapons.php
[2025-01-29 20:37:50] INFO gbox - Successfully crawled: https://www.gamebanshee.com/poolofradiance/rangedweapons.php
[2025-01-29 20:37:50] INFO gbox - Processing https://www.gamebanshee.com/poolofradiance/rangedweapons.php
[2025-01-29 20:37:52] INFO gbox - Successfully crawled: https://www.gamebanshee.com/poolofradiance/miscellaneous.php
[2025-01-29 20:37:52] INFO gbox - Processing https://www.gamebanshee.com/poolofradiance/miscellaneous.php
[2025-01-29 20:37:54] INFO gbox - Successfully crawled: https://www.gamebanshee.com/poolofradiance/companions.php
[2025-01-29 20:37:54] INFO gbox - Processing https://www.gamebanshee.com/poolofradiance/companions.php
[2025-01-29 20:37:56] INFO gbox - Successfully crawled: https://www.gamebanshee.com/poolofradiance/bestiary/0-c.php
[2025-01-29 20:37:56] INFO gbox - Processing https://www.gamebanshee.com/poolofradiance/bestiary/0-c.php
[2025-01-29 20:37:58] INFO gbox - Successfully crawled: https://www.gamebanshee.com/poolofradiance/bestiary/d-i.php
[2025-01-29 20:37:58] INFO gbox - Processing https://www.gamebanshee.com/poolofradiance/bestiary/d-i.php
[2025-01-29 20:38:00] INFO gbox - Successfully crawled: https://www.gamebanshee.com/poolofradiance/bestiary/j-s.php
[2025-01-29 20:38:00] INFO gbox - Processing https://www.gamebanshee.com/poolofradiance/bestiary/j-s.php
[2025-01-29 20:38:02] INFO gbox - Successfully crawled: https://www.gamebanshee.com/poolofradiance/bestiary/t-z.php
[2025-01-29 20:38:02] INFO gbox - Processing https://www.gamebanshee.com/poolofradiance/bestiary/t-z.php
[2025-01-29 20:38:03] INFO gbox - Successfully crawled: https://www.gamebanshee.com/poolofradiance/spells/clericlevelone.php
[2025-01-29 20:38:03] INFO gbox - Processing https://www.gamebanshee.com/poolofradiance/spells/clericlevelone.php
[2025-01-29 20:38:05] INFO gbox - Successfully crawled: https://www.gamebanshee.com/poolofradiance/spells/clericleveltwo.php
[2025-01-29 20:38:05] INFO gbox - Processing https://www.gamebanshee.com/poolofradiance/spells/clericleveltwo.php
[2025-01-29 20:38:07] INFO gbox - Successfully crawled: https://www.gamebanshee.com/poolofradiance/spells/clericlevelthree.php
[2025-01-29 20:38:07] INFO gbox - Processing https://www.gamebanshee.com/poolofradiance/spells/clericlevelthree.php
[2025-01-29 20:38:09] INFO gbox - Successfully crawled: https://www.gamebanshee.com/poolofradiance/spells/magelevelone.php
[2025-01-29 20:38:09] INFO gbox - Processing https://www.gamebanshee.com/poolofradiance/spells/magelevelone.php
[2025-01-29 20:38:11] INFO gbox - Successfully crawled: https://www.gamebanshee.com/poolofradiance/spells/mageleveltwo.php
[2025-01-29 20:38:11] INFO gbox - Processing https://www.gamebanshee.com/poolofradiance/spells/mageleveltwo.php
[2025-01-29 20:38:13] INFO gbox - Successfully crawled: https://www.gamebanshee.com/poolofradiance/spells/magelevelthree.php
[2025-01-29 20:38:13] INFO gbox - Processing https://www.gamebanshee.com/poolofradiance/spells/magelevelthree.php
[2025-01-29 20:38:13] ERROR asyncio - Future exception was never retrieved
future: <Future finished exception=TargetClosedError('Target page, context or browser has been closed')>
playwright._impl._errors.TargetClosedError: Target page, context or browser has been closed
[2025-01-29 21:02:07] INFO gbox - Found 95 URLs to crawl
[2025-01-29 21:02:10] INFO gbox - Successfully crawled: https://www.gamebanshee.com/poolofradiance/armor.php
[2025-01-29 21:02:10] INFO gbox - Processing https://www.gamebanshee.com/poolofradiance/armor.php
[2025-01-29 21:02:12] INFO gbox - Successfully crawled: https://www.gamebanshee.com/poolofradiance/meleeweapons.php
[2025-01-29 21:02:12] INFO gbox - Processing https://www.gamebanshee.com/poolofradiance/meleeweapons.php
[2025-01-29 21:02:13] INFO gbox - Successfully crawled: https://www.gamebanshee.com/poolofradiance/rangedweapons.php
[2025-01-29 21:02:13] INFO gbox - Processing https://www.gamebanshee.com/poolofradiance/rangedweapons.php
[2025-01-29 21:02:16] INFO gbox - Successfully crawled: https://www.gamebanshee.com/poolofradiance/miscellaneous.php
[2025-01-29 21:02:16] INFO gbox - Processing https://www.gamebanshee.com/poolofradiance/miscellaneous.php
[2025-01-29 21:02:18] INFO gbox - Successfully crawled: https://www.gamebanshee.com/poolofradiance/companions.php
[2025-01-29 21:02:18] INFO gbox - Processing https://www.gamebanshee.com/poolofradiance/companions.php
[2025-01-29 21:02:20] INFO gbox - Successfully crawled: https://www.gamebanshee.com/poolofradiance/bestiary/0-c.php
[2025-01-29 21:02:20] INFO gbox - Processing https://www.gamebanshee.com/poolofradiance/bestiary/0-c.php
[2025-01-29 21:02:21] INFO gbox - Successfully crawled: https://www.gamebanshee.com/poolofradiance/bestiary/d-i.php
[2025-01-29 21:02:21] INFO gbox - Processing https://www.gamebanshee.com/poolofradiance/bestiary/d-i.php
[2025-01-29 21:02:23] INFO gbox - Successfully crawled: https://www.gamebanshee.com/poolofradiance/bestiary/j-s.php
[2025-01-29 21:02:23] INFO gbox - Processing https://www.gamebanshee.com/poolofradiance/bestiary/j-s.php
[2025-01-29 21:02:25] INFO gbox - Successfully crawled: https://www.gamebanshee.com/poolofradiance/bestiary/t-z.php
[2025-01-29 21:02:25] INFO gbox - Processing https://www.gamebanshee.com/poolofradiance/bestiary/t-z.php
[2025-01-29 21:02:27] INFO gbox - Successfully crawled: https://www.gamebanshee.com/poolofradiance/spells/clericlevelone.php
[2025-01-29 21:02:27] INFO gbox - Processing https://www.gamebanshee.com/poolofradiance/spells/clericlevelone.php
[2025-01-29 21:02:29] INFO gbox - Successfully crawled: https://www.gamebanshee.com/poolofradiance/spells/clericleveltwo.php
[2025-01-29 21:02:29] INFO gbox - Processing https://www.gamebanshee.com/poolofradiance/spells/clericleveltwo.php
[2025-01-29 21:02:31] INFO gbox - Successfully crawled: https://www.gamebanshee.com/poolofradiance/spells/clericlevelthree.php
[2025-01-29 21:02:31] INFO gbox - Processing https://www.gamebanshee.com/poolofradiance/spells/clericlevelthree.php
[2025-01-29 21:02:33] INFO gbox - Successfully crawled: https://www.gamebanshee.com/poolofradiance/spells/magelevelone.php
[2025-01-29 21:02:33] INFO gbox - Processing https://www.gamebanshee.com/poolofradiance/spells/magelevelone.php
[2025-01-29 21:02:35] INFO gbox - Successfully crawled: https://www.gamebanshee.com/poolofradiance/spells/mageleveltwo.php
[2025-01-29 21:02:35] INFO gbox - Processing https://www.gamebanshee.com/poolofradiance/spells/mageleveltwo.php
[2025-01-29 21:02:37] INFO gbox - Successfully crawled: https://www.gamebanshee.com/poolofradiance/spells/magelevelthree.php
[2025-01-29 21:02:37] INFO gbox - Processing https://www.gamebanshee.com/poolofradiance/spells/magelevelthree.php
[2025-01-29 21:02:37] ERROR asyncio - Future exception was never retrieved
future: <Future finished exception=TargetClosedError('Target page, context or browser has been closed')>
playwright._impl._errors.TargetClosedError: Target page, context or browser has been closed
[2025-01-29 21:04:28] INFO gbox - Found 95 URLs to crawl
[2025-01-29 21:04:30] INFO gbox - Successfully crawled: https://www.gamebanshee.com/poolofradiance/armor.php
[2025-01-29 21:04:30] INFO gbox - Processing https://www.gamebanshee.com/poolofradiance/armor.php
[2025-01-29 21:04:31] ERROR asyncio - Future exception was never retrieved
future: <Future finished exception=TargetClosedError('Target page, context or browser has been closed')>
playwright._impl._errors.TargetClosedError: Target page, context or browser has been closed
[2025-01-29 21:06:13] INFO gbox - Found 95 URLs to crawl
[2025-01-29 21:06:16] INFO gbox - Successfully crawled: https://www.gamebanshee.com/poolofradiance/armor.php
[2025-01-29 21:06:16] INFO gbox - Processing https://www.gamebanshee.com/poolofradiance/armor.php
[2025-01-29 21:06:18] INFO gbox - Successfully crawled: https://www.gamebanshee.com/poolofradiance/meleeweapons.php
[2025-01-29 21:06:18] INFO gbox - Processing https://www.gamebanshee.com/poolofradiance/meleeweapons.php
[2025-01-29 21:06:20] INFO gbox - Successfully crawled: https://www.gamebanshee.com/poolofradiance/rangedweapons.php
[2025-01-29 21:06:20] INFO gbox - Processing https://www.gamebanshee.com/poolofradiance/rangedweapons.php
[2025-01-29 21:06:22] INFO gbox - Successfully crawled: https://www.gamebanshee.com/poolofradiance/miscellaneous.php
[2025-01-29 21:06:22] INFO gbox - Processing https://www.gamebanshee.com/poolofradiance/miscellaneous.php
[2025-01-29 21:06:24] INFO gbox - Successfully crawled: https://www.gamebanshee.com/poolofradiance/companions.php
[2025-01-29 21:06:24] INFO gbox - Processing https://www.gamebanshee.com/poolofradiance/companions.php
[2025-01-29 21:06:26] INFO gbox - Successfully crawled: https://www.gamebanshee.com/poolofradiance/bestiary/0-c.php
[2025-01-29 21:06:26] INFO gbox - Processing https://www.gamebanshee.com/poolofradiance/bestiary/0-c.php
[2025-01-29 21:06:28] INFO gbox - Successfully crawled: https://www.gamebanshee.com/poolofradiance/bestiary/d-i.php
[2025-01-29 21:06:28] INFO gbox - Processing https://www.gamebanshee.com/poolofradiance/bestiary/d-i.php
[2025-01-29 21:06:30] INFO gbox - Successfully crawled: https://www.gamebanshee.com/poolofradiance/bestiary/j-s.php
[2025-01-29 21:06:30] INFO gbox - Processing https://www.gamebanshee.com/poolofradiance/bestiary/j-s.php
[2025-01-29 21:06:32] INFO gbox - Successfully crawled: https://www.gamebanshee.com/poolofradiance/bestiary/t-z.php
[2025-01-29 21:06:32] INFO gbox - Processing https://www.gamebanshee.com/poolofradiance/bestiary/t-z.php
[2025-01-29 21:06:34] INFO gbox - Successfully crawled: https://www.gamebanshee.com/poolofradiance/spells/clericlevelone.php
[2025-01-29 21:06:34] INFO gbox - Processing https://www.gamebanshee.com/poolofradiance/spells/clericlevelone.php
[2025-01-29 21:06:35] INFO gbox - Successfully crawled: https://www.gamebanshee.com/poolofradiance/spells/clericleveltwo.php
[2025-01-29 21:06:35] INFO gbox - Processing https://www.gamebanshee.com/poolofradiance/spells/clericleveltwo.php
[2025-01-29 21:06:37] INFO gbox - Successfully crawled: https://www.gamebanshee.com/poolofradiance/spells/clericlevelthree.php
[2025-01-29 21:06:37] INFO gbox - Processing https://www.gamebanshee.com/poolofradiance/spells/clericlevelthree.php
[2025-01-29 21:06:39] INFO gbox - Successfully crawled: https://www.gamebanshee.com/poolofradiance/spells/magelevelone.php
[2025-01-29 21:06:39] INFO gbox - Processing https://www.gamebanshee.com/poolofradiance/spells/magelevelone.php
[2025-01-29 21:06:41] INFO gbox - Successfully crawled: https://www.gamebanshee.com/poolofradiance/spells/mageleveltwo.php
[2025-01-29 21:06:41] INFO gbox - Processing https://www.gamebanshee.com/poolofradiance/spells/mageleveltwo.php
[2025-01-29 21:06:43] INFO gbox - Successfully crawled: https://www.gamebanshee.com/poolofradiance/spells/magelevelthree.php
[2025-01-29 21:06:43] INFO gbox - Processing https://www.gamebanshee.com/poolofradiance/spells/magelevelthree.php
[2025-01-29 21:06:45] INFO gbox - Successfully crawled: https://www.gamebanshee.com/poolofradiance/classes.php
[2025-01-29 21:06:45] INFO gbox - Processing https://www.gamebanshee.com/poolofradiance/classes.php
[2025-01-29 21:06:47] INFO gbox - Successfully crawled: https://www.gamebanshee.com/poolofradiance/races.php
[2025-01-29 21:06:47] INFO gbox - Processing https://www.gamebanshee.com/poolofradiance/races.php
[2025-01-29 21:06:49] INFO gbox - Successfully crawled: https://www.gamebanshee.com/poolofradiance/attributes.php
[2025-01-29 21:06:49] INFO gbox - Processing https://www.gamebanshee.com/poolofradiance/attributes.php
[2025-01-29 21:06:51] INFO gbox - Successfully crawled: https://www.gamebanshee.com/poolofradiance/walkthrough/gameplaytips.php
[2025-01-29 21:06:51] INFO gbox - Processing https://www.gamebanshee.com/poolofradiance/walkthrough/gameplaytips.php
[2025-01-29 21:06:53] INFO gbox - Successfully crawled: https://www.gamebanshee.com/poolofradiance/walkthrough/troubleshooting.php
[2025-01-29 21:06:53] INFO gbox - Processing https://www.gamebanshee.com/poolofradiance/walkthrough/troubleshooting.php
[2025-01-29 21:06:55] INFO gbox - Successfully crawled: https://www.gamebanshee.com/poolofradiance/walkthrough/charactercreation.php
[2025-01-29 21:06:55] INFO gbox - Processing https://www.gamebanshee.com/poolofradiance/walkthrough/charactercreation.php
[2025-01-29 21:06:57] INFO gbox - Successfully crawled: https://www.gamebanshee.com/poolofradiance/walkthrough/civilizeddistrict.php
[2025-01-29 21:06:57] INFO gbox - Processing https://www.gamebanshee.com/poolofradiance/walkthrough/civilizeddistrict.php
[2025-01-29 21:06:59] INFO gbox - Successfully crawled: https://www.gamebanshee.com/poolofradiance/walkthrough/theslums.php
[2025-01-29 21:06:59] INFO gbox - Processing https://www.gamebanshee.com/poolofradiance/walkthrough/theslums.php
[2025-01-29 21:07:01] INFO gbox - Successfully crawled: https://www.gamebanshee.com/poolofradiance/walkthrough/sokalkeep.php
[2025-01-29 21:07:01] INFO gbox - Processing https://www.gamebanshee.com/poolofradiance/walkthrough/sokalkeep.php
[2025-01-29 21:07:03] INFO gbox - Successfully crawled: https://www.gamebanshee.com/poolofradiance/walkthrough/kutoswell.php
[2025-01-29 21:07:03] INFO gbox - Processing https://www.gamebanshee.com/poolofradiance/walkthrough/kutoswell.php
[2025-01-29 21:07:05] INFO gbox - Successfully crawled: https://www.gamebanshee.com/poolofradiance/walkthrough/podalplaza.php
[2025-01-29 21:07:05] INFO gbox - Processing https://www.gamebanshee.com/poolofradiance/walkthrough/podalplaza.php
[2025-01-29 21:07:07] INFO gbox - Successfully crawled: https://www.gamebanshee.com/poolofradiance/walkthrough/textilehouse.php
[2025-01-29 21:07:07] INFO gbox - Processing https://www.gamebanshee.com/poolofradiance/walkthrough/textilehouse.php
[2025-01-29 21:07:09] INFO gbox - Successfully crawled: https://www.gamebanshee.com/poolofradiance/walkthrough/mendorslibrary.php
[2025-01-29 21:07:09] INFO gbox - Processing https://www.gamebanshee.com/poolofradiance/walkthrough/mendorslibrary.php
[2025-01-29 21:07:13] INFO gbox - Successfully crawled: https://www.gamebanshee.com/poolofradiance/walkthrough/kovelmansion.php
[2025-01-29 21:07:13] INFO gbox - Processing https://www.gamebanshee.com/poolofradiance/walkthrough/kovelmansion.php
[2025-01-29 21:07:15] INFO gbox - Successfully crawled: https://www.gamebanshee.com/poolofradiance/walkthrough/wealthydistrict.php
[2025-01-29 21:07:15] INFO gbox - Processing https://www.gamebanshee.com/poolofradiance/walkthrough/wealthydistrict.php
[2025-01-29 21:07:17] INFO gbox - Successfully crawled: https://www.gamebanshee.com/poolofradiance/walkthrough/templeofbane.php
[2025-01-29 21:07:17] INFO gbox - Processing https://www.gamebanshee.com/poolofradiance/walkthrough/templeofbane.php
[2025-01-29 21:07:19] INFO gbox - Successfully crawled: https://www.gamebanshee.com/poolofradiance/walkthrough/valhingengraveyard.php
[2025-01-29 21:07:19] INFO gbox - Processing https://www.gamebanshee.com/poolofradiance/walkthrough/valhingengraveyard.php
[2025-01-29 21:07:21] INFO gbox - Successfully crawled: https://www.gamebanshee.com/poolofradiance/walkthrough/stojanowgate.php
[2025-01-29 21:07:21] INFO gbox - Processing https://www.gamebanshee.com/poolofradiance/walkthrough/stojanowgate.php
[2025-01-29 21:07:23] INFO gbox - Successfully crawled: https://www.gamebanshee.com/poolofradiance/walkthrough/overview.php
[2025-01-29 21:07:23] INFO gbox - Processing https://www.gamebanshee.com/poolofradiance/walkthrough/overview.php
[2025-01-29 21:07:36] INFO gbox - Successfully crawled: https://www.gamebanshee.com/poolofradiance/walkthrough/buccaneerbase.php
[2025-01-29 21:07:36] INFO gbox - Processing https://www.gamebanshee.com/poolofradiance/walkthrough/buccaneerbase.php
[2025-01-29 21:07:50] INFO gbox - Successfully crawled: https://www.gamebanshee.com/poolofradiance/walkthrough/koboldcave.php
[2025-01-29 21:07:50] INFO gbox - Processing https://www.gamebanshee.com/poolofradiance/walkthrough/koboldcave.php
[2025-01-29 21:08:04] INFO gbox - Successfully crawled: https://www.gamebanshee.com/poolofradiance/walkthrough/nomadcamp.php
[2025-01-29 21:08:04] INFO gbox - Processing https://www.gamebanshee.com/poolofradiance/walkthrough/nomadcamp.php
[2025-01-29 21:08:11] INFO gbox - Successfully crawled: https://www.gamebanshee.com/poolofradiance/walkthrough/pyramid.php
[2025-01-29 21:08:11] INFO gbox - Processing https://www.gamebanshee.com/poolofradiance/walkthrough/pyramid.php
[2025-01-29 21:08:13] INFO gbox - Successfully crawled: https://www.gamebanshee.com/poolofradiance/walkthrough/ruinedcastle.php
[2025-01-29 21:08:13] INFO gbox - Processing https://www.gamebanshee.com/poolofradiance/walkthrough/ruinedcastle.php
[2025-01-29 21:08:15] INFO gbox - Successfully crawled: https://www.gamebanshee.com/poolofradiance/walkthrough/zhentilkeep.php
[2025-01-29 21:08:15] INFO gbox - Processing https://www.gamebanshee.com/poolofradiance/walkthrough/zhentilkeep.php
[2025-01-29 21:08:17] INFO gbox - Successfully crawled: https://www.gamebanshee.com/poolofradiance/walkthrough/southwesternquadrant.php
[2025-01-29 21:08:17] INFO gbox - Processing https://www.gamebanshee.com/poolofradiance/walkthrough/southwesternquadrant.php
[2025-01-29 21:08:19] INFO gbox - Successfully crawled: https://www.gamebanshee.com/poolofradiance/walkthrough/southeasternquadrant.php
[2025-01-29 21:08:19] INFO gbox - Processing https://www.gamebanshee.com/poolofradiance/walkthrough/southeasternquadrant.php
[2025-01-29 21:08:21] INFO gbox - Successfully crawled: https://www.gamebanshee.com/poolofradiance/walkthrough/northwesternquadrant.php
[2025-01-29 21:08:21] INFO gbox - Processing https://www.gamebanshee.com/poolofradiance/walkthrough/northwesternquadrant.php
[2025-01-29 21:08:23] INFO gbox - Successfully crawled: https://www.gamebanshee.com/poolofradiance/walkthrough/northeasternquadrant.php
[2025-01-29 21:08:23] INFO gbox - Processing https://www.gamebanshee.com/poolofradiance/walkthrough/northeasternquadrant.php
[2025-01-29 21:08:25] INFO gbox - Successfully crawled: https://www.gamebanshee.com/poolofradiance/walkthrough/upperandlowerlevels.php
[2025-01-29 21:08:25] INFO gbox - Processing https://www.gamebanshee.com/poolofradiance/walkthrough/upperandlowerlevels.php
[2025-01-29 21:08:27] INFO gbox - Successfully crawled: https://www.gamebanshee.com/curseoftheazurebonds/armor.php
[2025-01-29 21:08:27] INFO gbox - Processing https://www.gamebanshee.com/curseoftheazurebonds/armor.php
[2025-01-29 21:08:29] INFO gbox - Successfully crawled: https://www.gamebanshee.com/curseoftheazurebonds/weapons.php
[2025-01-29 21:08:29] INFO gbox - Processing https://www.gamebanshee.com/curseoftheazurebonds/weapons.php
[2025-01-29 21:08:31] INFO gbox - Successfully crawled: https://www.gamebanshee.com/curseoftheazurebonds/miscellaneous.php
[2025-01-29 21:08:31] INFO gbox - Processing https://www.gamebanshee.com/curseoftheazurebonds/miscellaneous.php
[2025-01-29 21:08:33] INFO gbox - Successfully crawled: https://www.gamebanshee.com/curseoftheazurebonds/companions.php
[2025-01-29 21:08:33] INFO gbox - Processing https://www.gamebanshee.com/curseoftheazurebonds/companions.php
[2025-01-29 21:08:35] INFO gbox - Successfully crawled: https://www.gamebanshee.com/curseoftheazurebonds/bestiary/humanoids-al.php
[2025-01-29 21:08:35] INFO gbox - Processing https://www.gamebanshee.com/curseoftheazurebonds/bestiary/humanoids-al.php
[2025-01-29 21:08:37] INFO gbox - Successfully crawled: https://www.gamebanshee.com/curseoftheazurebonds/bestiary/humanoids-mz.php
[2025-01-29 21:08:37] INFO gbox - Processing https://www.gamebanshee.com/curseoftheazurebonds/bestiary/humanoids-mz.php
[2025-01-29 21:08:39] INFO gbox - Successfully crawled: https://www.gamebanshee.com/curseoftheazurebonds/bestiary/monsters-al.php
[2025-01-29 21:08:39] INFO gbox - Processing https://www.gamebanshee.com/curseoftheazurebonds/bestiary/monsters-al.php
[2025-01-29 21:08:41] INFO gbox - Successfully crawled: https://www.gamebanshee.com/curseoftheazurebonds/bestiary/monsters-mz.php
[2025-01-29 21:08:41] INFO gbox - Processing https://www.gamebanshee.com/curseoftheazurebonds/bestiary/monsters-mz.php
[2025-01-29 21:08:43] INFO gbox - Successfully crawled: https://www.gamebanshee.com/curseoftheazurebonds/bestiary/bosses.php
[2025-01-29 21:08:43] INFO gbox - Processing https://www.gamebanshee.com/curseoftheazurebonds/bestiary/bosses.php
[2025-01-29 21:08:45] INFO gbox - Successfully crawled: https://www.gamebanshee.com/curseoftheazurebonds/spells/clericlevelone.php
[2025-01-29 21:08:45] INFO gbox - Processing https://www.gamebanshee.com/curseoftheazurebonds/spells/clericlevelone.php
[2025-01-29 21:08:46] INFO gbox - Successfully crawled: https://www.gamebanshee.com/curseoftheazurebonds/spells/clericleveltwo.php
[2025-01-29 21:08:46] INFO gbox - Processing https://www.gamebanshee.com/curseoftheazurebonds/spells/clericleveltwo.php
[2025-01-29 21:08:48] INFO gbox - Successfully crawled: https://www.gamebanshee.com/curseoftheazurebonds/spells/clericlevelthree.php
[2025-01-29 21:08:48] INFO gbox - Processing https://www.gamebanshee.com/curseoftheazurebonds/spells/clericlevelthree.php
[2025-01-29 21:08:50] INFO gbox - Successfully crawled: https://www.gamebanshee.com/curseoftheazurebonds/spells/clericlevelfour.php
[2025-01-29 21:08:50] INFO gbox - Processing https://www.gamebanshee.com/curseoftheazurebonds/spells/clericlevelfour.php
[2025-01-29 21:08:52] INFO gbox - Successfully crawled: https://www.gamebanshee.com/curseoftheazurebonds/spells/clericlevelfive.php
[2025-01-29 21:08:52] INFO gbox - Processing https://www.gamebanshee.com/curseoftheazurebonds/spells/clericlevelfive.php
[2025-01-29 21:08:54] INFO gbox - Successfully crawled: https://www.gamebanshee.com/curseoftheazurebonds/spells/mulevelone.php
[2025-01-29 21:08:54] INFO gbox - Processing https://www.gamebanshee.com/curseoftheazurebonds/spells/mulevelone.php
[2025-01-29 21:08:56] INFO gbox - Successfully crawled: https://www.gamebanshee.com/curseoftheazurebonds/spells/muleveltwo.php
[2025-01-29 21:08:56] INFO gbox - Processing https://www.gamebanshee.com/curseoftheazurebonds/spells/muleveltwo.php
[2025-01-29 21:08:58] INFO gbox - Successfully crawled: https://www.gamebanshee.com/curseoftheazurebonds/spells/mulevelthree.php
[2025-01-29 21:08:58] INFO gbox - Processing https://www.gamebanshee.com/curseoftheazurebonds/spells/mulevelthree.php
[2025-01-29 21:09:00] INFO gbox - Successfully crawled: https://www.gamebanshee.com/curseoftheazurebonds/spells/mulevelfour.php
[2025-01-29 21:09:00] INFO gbox - Processing https://www.gamebanshee.com/curseoftheazurebonds/spells/mulevelfour.php
[2025-01-29 21:09:02] INFO gbox - Successfully crawled: https://www.gamebanshee.com/curseoftheazurebonds/spells/mulevelfive.php
[2025-01-29 21:09:02] INFO gbox - Processing https://www.gamebanshee.com/curseoftheazurebonds/spells/mulevelfive.php
[2025-01-29 21:09:03] INFO gbox - Successfully crawled: https://www.gamebanshee.com/curseoftheazurebonds/spells/druidlevelone.php
[2025-01-29 21:09:03] INFO gbox - Processing https://www.gamebanshee.com/curseoftheazurebonds/spells/druidlevelone.php
[2025-01-29 21:09:05] INFO gbox - Successfully crawled: https://www.gamebanshee.com/curseoftheazurebonds/classes.php
[2025-01-29 21:09:05] INFO gbox - Processing https://www.gamebanshee.com/curseoftheazurebonds/classes.php
[2025-01-29 21:09:07] INFO gbox - Successfully crawled: https://www.gamebanshee.com/curseoftheazurebonds/races.php
[2025-01-29 21:09:07] INFO gbox - Processing https://www.gamebanshee.com/curseoftheazurebonds/races.php
[2025-01-29 21:09:09] INFO gbox - Successfully crawled: https://www.gamebanshee.com/curseoftheazurebonds/attributes.php
[2025-01-29 21:09:09] INFO gbox - Processing https://www.gamebanshee.com/curseoftheazurebonds/attributes.php
[2025-01-29 21:09:11] INFO gbox - Successfully crawled: https://www.gamebanshee.com/curseoftheazurebonds/walkthrough/partycreation.php
[2025-01-29 21:09:11] INFO gbox - Processing https://www.gamebanshee.com/curseoftheazurebonds/walkthrough/partycreation.php
[2025-01-29 21:09:13] INFO gbox - Successfully crawled: https://www.gamebanshee.com/curseoftheazurebonds/walkthrough/wilderness.php
[2025-01-29 21:09:13] INFO gbox - Processing https://www.gamebanshee.com/curseoftheazurebonds/walkthrough/wilderness.php
[2025-01-29 21:09:15] INFO gbox - Successfully crawled: https://www.gamebanshee.com/curseoftheazurebonds/walkthrough/tilverton.php
[2025-01-29 21:09:15] INFO gbox - Processing https://www.gamebanshee.com/curseoftheazurebonds/walkthrough/tilverton.php
[2025-01-29 21:09:17] INFO gbox - Successfully crawled: https://www.gamebanshee.com/curseoftheazurebonds/walkthrough/tilvertonsewers.php
[2025-01-29 21:09:17] INFO gbox - Processing https://www.gamebanshee.com/curseoftheazurebonds/walkthrough/tilvertonsewers.php
[2025-01-29 21:09:19] INFO gbox - Successfully crawled: https://www.gamebanshee.com/curseoftheazurebonds/walkthrough/firekniveshideout.php
[2025-01-29 21:09:19] INFO gbox - Processing https://www.gamebanshee.com/curseoftheazurebonds/walkthrough/firekniveshideout.php
[2025-01-29 21:09:21] INFO gbox - Successfully crawled: https://www.gamebanshee.com/curseoftheazurebonds/walkthrough/hap.php
[2025-01-29 21:09:21] INFO gbox - Processing https://www.gamebanshee.com/curseoftheazurebonds/walkthrough/hap.php
[2025-01-29 21:09:23] INFO gbox - Successfully crawled: https://www.gamebanshee.com/curseoftheazurebonds/walkthrough/wizardstower.php
[2025-01-29 21:09:23] INFO gbox - Processing https://www.gamebanshee.com/curseoftheazurebonds/walkthrough/wizardstower.php
[2025-01-29 21:09:24] INFO gbox - Successfully crawled: https://www.gamebanshee.com/curseoftheazurebonds/walkthrough/yulash.php
[2025-01-29 21:09:24] INFO gbox - Processing https://www.gamebanshee.com/curseoftheazurebonds/walkthrough/yulash.php
[2025-01-29 21:09:26] INFO gbox - Successfully crawled: https://www.gamebanshee.com/curseoftheazurebonds/walkthrough/pitofmoander.php
[2025-01-29 21:09:26] INFO gbox - Processing https://www.gamebanshee.com/curseoftheazurebonds/walkthrough/pitofmoander.php
[2025-01-29 21:09:28] INFO gbox - Successfully crawled: https://www.gamebanshee.com/curseoftheazurebonds/walkthrough/zhentilkeep.php
[2025-01-29 21:09:28] INFO gbox - Processing https://www.gamebanshee.com/curseoftheazurebonds/walkthrough/zhentilkeep.php
[2025-01-29 21:09:30] INFO gbox - Successfully crawled: https://www.gamebanshee.com/curseoftheazurebonds/walkthrough/beholdercave.php
[2025-01-29 21:09:30] INFO gbox - Processing https://www.gamebanshee.com/curseoftheazurebonds/walkthrough/beholdercave.php
[2025-01-29 21:09:32] INFO gbox - Successfully crawled: https://www.gamebanshee.com/curseoftheazurebonds/walkthrough/burialglen.php
[2025-01-29 21:09:32] INFO gbox - Processing https://www.gamebanshee.com/curseoftheazurebonds/walkthrough/burialglen.php
[2025-01-29 21:09:34] INFO gbox - Successfully crawled: https://www.gamebanshee.com/curseoftheazurebonds/walkthrough/ruinsofmythdrannor.php
[2025-01-29 21:09:34] INFO gbox - Processing https://www.gamebanshee.com/curseoftheazurebonds/walkthrough/ruinsofmythdrannor.php
[2025-01-29 21:09:36] INFO gbox - Successfully crawled: https://www.gamebanshee.com/curseoftheazurebonds/walkthrough/grandruinedtemple.php
[2025-01-29 21:09:36] INFO gbox - Processing https://www.gamebanshee.com/curseoftheazurebonds/walkthrough/grandruinedtemple.php
[2025-01-29 21:09:38] INFO gbox - Successfully crawled: https://www.gamebanshee.com/curseoftheazurebonds/walkthrough/hillsfarruins.php
[2025-01-29 21:09:38] INFO gbox - Processing https://www.gamebanshee.com/curseoftheazurebonds/walkthrough/hillsfarruins.php
[2025-01-29 21:09:40] INFO gbox - Successfully crawled: https://www.gamebanshee.com/curseoftheazurebonds/walkthrough/oxamstower.php
[2025-01-29 21:09:40] INFO gbox - Processing https://www.gamebanshee.com/curseoftheazurebonds/walkthrough/oxamstower.php
[2025-01-29 21:09:42] INFO gbox - Successfully crawled: https://www.gamebanshee.com/curseoftheazurebonds/walkthrough/phlanruins.php
[2025-01-29 21:09:42] INFO gbox - Processing https://www.gamebanshee.com/curseoftheazurebonds/walkthrough/phlanruins.php
[2025-01-29 21:09:44] INFO gbox - Successfully crawled: https://www.gamebanshee.com/curseoftheazurebonds/walkthrough/teshwaveruins.php
[2025-01-29 21:09:44] INFO gbox - Processing https://www.gamebanshee.com/curseoftheazurebonds/walkthrough/teshwaveruins.php
[2025-01-29 21:09:46] INFO gbox - Successfully crawled: https://www.gamebanshee.com/poolsofdarkness/equipment-stats.php
[2025-01-29 21:09:46] INFO gbox - Processing https://www.gamebanshee.com/poolsofdarkness/equipment-stats.php
[2025-01-29 21:09:48] INFO gbox - Successfully crawled: https://www.gamebanshee.com/poolsofdarkness/equipment-locs.php
[2025-01-29 21:09:48] INFO gbox - Processing https://www.gamebanshee.com/poolsofdarkness/equipment-locs.php
[2025-01-29 21:09:50] INFO gbox - Successfully crawled: https://www.gamebanshee.com/poolsofdarkness/bestiary/bosses.php
[2025-01-29 21:09:50] INFO gbox - Processing https://www.gamebanshee.com/poolsofdarkness/bestiary/bosses.php
[2025-01-29 21:09:52] INFO gbox - Successfully crawled: https://www.gamebanshee.com/poolsofdarkness/bestiary/humanoids.php
[2025-01-29 21:09:52] INFO gbox - Processing https://www.gamebanshee.com/poolsofdarkness/bestiary/humanoids.php
[2025-01-29 21:09:54] INFO gbox - Successfully crawled: https://www.gamebanshee.com/poolsofdarkness/bestiary/giants.php
[2025-01-29 21:09:54] INFO gbox - Processing https://www.gamebanshee.com/poolsofdarkness/bestiary/giants.php
[2025-01-29 21:09:55] INFO gbox - Successfully crawled: https://www.gamebanshee.com/poolsofdarkness/bestiary/monsters-ag.php
[2025-01-29 21:09:55] INFO gbox - Processing https://www.gamebanshee.com/poolsofdarkness/bestiary/monsters-ag.php
[2025-01-29 21:09:57] INFO gbox - Successfully crawled: https://www.gamebanshee.com/poolsofdarkness/bestiary/monsters-hz.php
[2025-01-29 21:09:57] INFO gbox - Processing https://www.gamebanshee.com/poolsofdarkness/bestiary/monsters-hz.php
[2025-01-29 21:09:59] INFO gbox - Successfully crawled: https://www.gamebanshee.com/poolsofdarkness/bestiary/undead.php
[2025-01-29 21:09:59] INFO gbox - Processing https://www.gamebanshee.com/poolsofdarkness/bestiary/undead.php
[2025-01-29 21:10:01] INFO gbox - Successfully crawled: https://www.gamebanshee.com/poolsofdarkness/abilityscores.php
[2025-01-29 21:10:01] INFO gbox - Processing https://www.gamebanshee.com/poolsofdarkness/abilityscores.php
[2025-01-29 21:12:26] INFO gbox - Found 95 URLs to crawl
[2025-01-29 21:12:29] INFO gbox - Successfully crawled: https://www.gamebanshee.com/poolofradiance/armor.php
[2025-01-29 21:12:29] INFO gbox - Processing https://www.gamebanshee.com/poolofradiance/armor.php
[2025-01-29 21:12:31] INFO gbox - Successfully crawled: https://www.gamebanshee.com/poolofradiance/meleeweapons.php
[2025-01-29 21:12:31] INFO gbox - Processing https://www.gamebanshee.com/poolofradiance/meleeweapons.php
[2025-01-29 21:12:33] INFO gbox - Successfully crawled: https://www.gamebanshee.com/poolofradiance/rangedweapons.php
[2025-01-29 21:12:33] INFO gbox - Processing https://www.gamebanshee.com/poolofradiance/rangedweapons.php
[2025-01-29 21:12:38] INFO gbox - Successfully crawled: https://www.gamebanshee.com/poolofradiance/miscellaneous.php
[2025-01-29 21:12:38] INFO gbox - Processing https://www.gamebanshee.com/poolofradiance/miscellaneous.php
[2025-01-29 21:12:39] INFO gbox - Successfully crawled: https://www.gamebanshee.com/poolofradiance/companions.php
[2025-01-29 21:12:39] INFO gbox - Processing https://www.gamebanshee.com/poolofradiance/companions.php
[2025-01-29 21:12:41] INFO gbox - Successfully crawled: https://www.gamebanshee.com/poolofradiance/bestiary/0-c.php
[2025-01-29 21:12:41] INFO gbox - Processing https://www.gamebanshee.com/poolofradiance/bestiary/0-c.php
[2025-01-29 21:12:43] INFO gbox - Successfully crawled: https://www.gamebanshee.com/poolofradiance/bestiary/d-i.php
[2025-01-29 21:12:43] INFO gbox - Processing https://www.gamebanshee.com/poolofradiance/bestiary/d-i.php
[2025-01-29 21:12:45] INFO gbox - Successfully crawled: https://www.gamebanshee.com/poolofradiance/bestiary/j-s.php
[2025-01-29 21:12:45] INFO gbox - Processing https://www.gamebanshee.com/poolofradiance/bestiary/j-s.php
[2025-01-29 21:12:48] INFO gbox - Successfully crawled: https://www.gamebanshee.com/poolofradiance/bestiary/t-z.php
[2025-01-29 21:12:48] INFO gbox - Processing https://www.gamebanshee.com/poolofradiance/bestiary/t-z.php
[2025-01-29 21:12:50] INFO gbox - Successfully crawled: https://www.gamebanshee.com/poolofradiance/spells/clericlevelone.php
[2025-01-29 21:12:50] INFO gbox - Processing https://www.gamebanshee.com/poolofradiance/spells/clericlevelone.php
[2025-01-29 21:12:52] INFO gbox - Successfully crawled: https://www.gamebanshee.com/poolofradiance/spells/clericleveltwo.php
[2025-01-29 21:12:52] INFO gbox - Processing https://www.gamebanshee.com/poolofradiance/spells/clericleveltwo.php
[2025-01-29 21:12:54] INFO gbox - Successfully crawled: https://www.gamebanshee.com/poolofradiance/spells/clericlevelthree.php
[2025-01-29 21:12:54] INFO gbox - Processing https://www.gamebanshee.com/poolofradiance/spells/clericlevelthree.php
[2025-01-29 21:12:56] INFO gbox - Successfully crawled: https://www.gamebanshee.com/poolofradiance/spells/magelevelone.php
[2025-01-29 21:12:56] INFO gbox - Processing https://www.gamebanshee.com/poolofradiance/spells/magelevelone.php
[2025-01-29 21:12:58] INFO gbox - Successfully crawled: https://www.gamebanshee.com/poolofradiance/spells/mageleveltwo.php
[2025-01-29 21:12:58] INFO gbox - Processing https://www.gamebanshee.com/poolofradiance/spells/mageleveltwo.php
[2025-01-29 21:12:59] INFO gbox - Successfully crawled: https://www.gamebanshee.com/poolofradiance/spells/magelevelthree.php
[2025-01-29 21:12:59] INFO gbox - Processing https://www.gamebanshee.com/poolofradiance/spells/magelevelthree.php
[2025-01-29 21:13:01] INFO gbox - Successfully crawled: https://www.gamebanshee.com/poolofradiance/classes.php
[2025-01-29 21:13:01] INFO gbox - Processing https://www.gamebanshee.com/poolofradiance/classes.php
[2025-01-29 21:13:03] INFO gbox - Successfully crawled: https://www.gamebanshee.com/poolofradiance/races.php
[2025-01-29 21:13:03] INFO gbox - Processing https://www.gamebanshee.com/poolofradiance/races.php
[2025-01-29 21:13:05] INFO gbox - Successfully crawled: https://www.gamebanshee.com/poolofradiance/attributes.php
[2025-01-29 21:13:05] INFO gbox - Processing https://www.gamebanshee.com/poolofradiance/attributes.php
[2025-01-29 21:13:07] INFO gbox - Successfully crawled: https://www.gamebanshee.com/poolofradiance/walkthrough/gameplaytips.php
[2025-01-29 21:13:07] INFO gbox - Processing https://www.gamebanshee.com/poolofradiance/walkthrough/gameplaytips.php
[2025-01-29 21:13:09] INFO gbox - Successfully crawled: https://www.gamebanshee.com/poolofradiance/walkthrough/troubleshooting.php
[2025-01-29 21:13:09] INFO gbox - Processing https://www.gamebanshee.com/poolofradiance/walkthrough/troubleshooting.php
[2025-01-29 21:13:11] INFO gbox - Successfully crawled: https://www.gamebanshee.com/poolofradiance/walkthrough/charactercreation.php
[2025-01-29 21:13:11] INFO gbox - Processing https://www.gamebanshee.com/poolofradiance/walkthrough/charactercreation.php
[2025-01-29 21:13:13] INFO gbox - Successfully crawled: https://www.gamebanshee.com/poolofradiance/walkthrough/civilizeddistrict.php
[2025-01-29 21:13:13] INFO gbox - Processing https://www.gamebanshee.com/poolofradiance/walkthrough/civilizeddistrict.php
[2025-01-29 21:13:15] INFO gbox - Successfully crawled: https://www.gamebanshee.com/poolofradiance/walkthrough/theslums.php
[2025-01-29 21:13:15] INFO gbox - Processing https://www.gamebanshee.com/poolofradiance/walkthrough/theslums.php
[2025-01-29 21:13:17] INFO gbox - Successfully crawled: https://www.gamebanshee.com/poolofradiance/walkthrough/sokalkeep.php
[2025-01-29 21:13:17] INFO gbox - Processing https://www.gamebanshee.com/poolofradiance/walkthrough/sokalkeep.php
[2025-01-29 21:13:19] INFO gbox - Successfully crawled: https://www.gamebanshee.com/poolofradiance/walkthrough/kutoswell.php
[2025-01-29 21:13:19] INFO gbox - Processing https://www.gamebanshee.com/poolofradiance/walkthrough/kutoswell.php
[2025-01-29 21:13:21] INFO gbox - Successfully crawled: https://www.gamebanshee.com/poolofradiance/walkthrough/podalplaza.php
[2025-01-29 21:13:21] INFO gbox - Processing https://www.gamebanshee.com/poolofradiance/walkthrough/podalplaza.php
[2025-01-29 21:13:23] INFO gbox - Successfully crawled: https://www.gamebanshee.com/poolofradiance/walkthrough/textilehouse.php
[2025-01-29 21:13:23] INFO gbox - Processing https://www.gamebanshee.com/poolofradiance/walkthrough/textilehouse.php
[2025-01-29 21:13:25] INFO gbox - Successfully crawled: https://www.gamebanshee.com/poolofradiance/walkthrough/mendorslibrary.php
[2025-01-29 21:13:25] INFO gbox - Processing https://www.gamebanshee.com/poolofradiance/walkthrough/mendorslibrary.php
[2025-01-29 21:13:27] INFO gbox - Successfully crawled: https://www.gamebanshee.com/poolofradiance/walkthrough/kovelmansion.php
[2025-01-29 21:13:27] INFO gbox - Processing https://www.gamebanshee.com/poolofradiance/walkthrough/kovelmansion.php
[2025-01-29 21:13:29] INFO gbox - Successfully crawled: https://www.gamebanshee.com/poolofradiance/walkthrough/wealthydistrict.php
[2025-01-29 21:13:29] INFO gbox - Processing https://www.gamebanshee.com/poolofradiance/walkthrough/wealthydistrict.php
[2025-01-29 21:13:31] INFO gbox - Successfully crawled: https://www.gamebanshee.com/poolofradiance/walkthrough/templeofbane.php
[2025-01-29 21:13:31] INFO gbox - Processing https://www.gamebanshee.com/poolofradiance/walkthrough/templeofbane.php
[2025-01-29 21:13:33] INFO gbox - Successfully crawled: https://www.gamebanshee.com/poolofradiance/walkthrough/valhingengraveyard.php
[2025-01-29 21:13:33] INFO gbox - Processing https://www.gamebanshee.com/poolofradiance/walkthrough/valhingengraveyard.php
[2025-01-29 21:13:35] INFO gbox - Successfully crawled: https://www.gamebanshee.com/poolofradiance/walkthrough/stojanowgate.php
[2025-01-29 21:13:35] INFO gbox - Processing https://www.gamebanshee.com/poolofradiance/walkthrough/stojanowgate.php
[2025-01-29 21:13:37] INFO gbox - Successfully crawled: https://www.gamebanshee.com/poolofradiance/walkthrough/overview.php
[2025-01-29 21:13:37] INFO gbox - Processing https://www.gamebanshee.com/poolofradiance/walkthrough/overview.php
[2025-01-29 21:13:38] INFO gbox - Successfully crawled: https://www.gamebanshee.com/poolofradiance/walkthrough/buccaneerbase.php
[2025-01-29 21:13:38] INFO gbox - Processing https://www.gamebanshee.com/poolofradiance/walkthrough/buccaneerbase.php
[2025-01-29 21:13:40] INFO gbox - Successfully crawled: https://www.gamebanshee.com/poolofradiance/walkthrough/koboldcave.php
[2025-01-29 21:13:40] INFO gbox - Processing https://www.gamebanshee.com/poolofradiance/walkthrough/koboldcave.php
[2025-01-29 21:13:42] INFO gbox - Successfully crawled: https://www.gamebanshee.com/poolofradiance/walkthrough/nomadcamp.php
[2025-01-29 21:13:42] INFO gbox - Processing https://www.gamebanshee.com/poolofradiance/walkthrough/nomadcamp.php
[2025-01-29 21:13:44] INFO gbox - Successfully crawled: https://www.gamebanshee.com/poolofradiance/walkthrough/pyramid.php
[2025-01-29 21:13:44] INFO gbox - Processing https://www.gamebanshee.com/poolofradiance/walkthrough/pyramid.php
[2025-01-29 21:13:46] INFO gbox - Successfully crawled: https://www.gamebanshee.com/poolofradiance/walkthrough/ruinedcastle.php
[2025-01-29 21:13:46] INFO gbox - Processing https://www.gamebanshee.com/poolofradiance/walkthrough/ruinedcastle.php
[2025-01-29 21:13:48] INFO gbox - Successfully crawled: https://www.gamebanshee.com/poolofradiance/walkthrough/zhentilkeep.php
[2025-01-29 21:13:48] INFO gbox - Processing https://www.gamebanshee.com/poolofradiance/walkthrough/zhentilkeep.php
[2025-01-29 21:13:50] INFO gbox - Successfully crawled: https://www.gamebanshee.com/poolofradiance/walkthrough/southwesternquadrant.php
[2025-01-29 21:13:50] INFO gbox - Processing https://www.gamebanshee.com/poolofradiance/walkthrough/southwesternquadrant.php
[2025-01-29 21:13:52] INFO gbox - Successfully crawled: https://www.gamebanshee.com/poolofradiance/walkthrough/southeasternquadrant.php
[2025-01-29 21:13:52] INFO gbox - Processing https://www.gamebanshee.com/poolofradiance/walkthrough/southeasternquadrant.php
[2025-01-29 21:13:54] INFO gbox - Successfully crawled: https://www.gamebanshee.com/poolofradiance/walkthrough/northwesternquadrant.php
[2025-01-29 21:13:54] INFO gbox - Processing https://www.gamebanshee.com/poolofradiance/walkthrough/northwesternquadrant.php
[2025-01-29 21:13:56] INFO gbox - Successfully crawled: https://www.gamebanshee.com/poolofradiance/walkthrough/northeasternquadrant.php
[2025-01-29 21:13:56] INFO gbox - Processing https://www.gamebanshee.com/poolofradiance/walkthrough/northeasternquadrant.php
[2025-01-29 21:13:58] INFO gbox - Successfully crawled: https://www.gamebanshee.com/poolofradiance/walkthrough/upperandlowerlevels.php
[2025-01-29 21:13:58] INFO gbox - Processing https://www.gamebanshee.com/poolofradiance/walkthrough/upperandlowerlevels.php
[2025-01-29 21:14:00] INFO gbox - Successfully crawled: https://www.gamebanshee.com/curseoftheazurebonds/armor.php
[2025-01-29 21:14:00] INFO gbox - Processing https://www.gamebanshee.com/curseoftheazurebonds/armor.php
[2025-01-29 21:14:02] INFO gbox - Successfully crawled: https://www.gamebanshee.com/curseoftheazurebonds/weapons.php
[2025-01-29 21:14:02] INFO gbox - Processing https://www.gamebanshee.com/curseoftheazurebonds/weapons.php
[2025-01-29 21:14:04] INFO gbox - Successfully crawled: https://www.gamebanshee.com/curseoftheazurebonds/miscellaneous.php
[2025-01-29 21:14:04] INFO gbox - Processing https://www.gamebanshee.com/curseoftheazurebonds/miscellaneous.php
[2025-01-29 21:14:06] INFO gbox - Successfully crawled: https://www.gamebanshee.com/curseoftheazurebonds/companions.php
[2025-01-29 21:14:06] INFO gbox - Processing https://www.gamebanshee.com/curseoftheazurebonds/companions.php
[2025-01-29 21:14:08] INFO gbox - Successfully crawled: https://www.gamebanshee.com/curseoftheazurebonds/bestiary/humanoids-al.php
[2025-01-29 21:14:08] INFO gbox - Processing https://www.gamebanshee.com/curseoftheazurebonds/bestiary/humanoids-al.php
[2025-01-29 21:14:10] INFO gbox - Successfully crawled: https://www.gamebanshee.com/curseoftheazurebonds/bestiary/humanoids-mz.php
[2025-01-29 21:14:10] INFO gbox - Processing https://www.gamebanshee.com/curseoftheazurebonds/bestiary/humanoids-mz.php
[2025-01-29 21:14:12] INFO gbox - Successfully crawled: https://www.gamebanshee.com/curseoftheazurebonds/bestiary/monsters-al.php
[2025-01-29 21:14:12] INFO gbox - Processing https://www.gamebanshee.com/curseoftheazurebonds/bestiary/monsters-al.php
[2025-01-29 21:14:14] INFO gbox - Successfully crawled: https://www.gamebanshee.com/curseoftheazurebonds/bestiary/monsters-mz.php
[2025-01-29 21:14:14] INFO gbox - Processing https://www.gamebanshee.com/curseoftheazurebonds/bestiary/monsters-mz.php
[2025-01-29 21:14:16] INFO gbox - Successfully crawled: https://www.gamebanshee.com/curseoftheazurebonds/bestiary/bosses.php
[2025-01-29 21:14:16] INFO gbox - Processing https://www.gamebanshee.com/curseoftheazurebonds/bestiary/bosses.php
[2025-01-29 21:14:18] INFO gbox - Successfully crawled: https://www.gamebanshee.com/curseoftheazurebonds/spells/clericlevelone.php
[2025-01-29 21:14:18] INFO gbox - Processing https://www.gamebanshee.com/curseoftheazurebonds/spells/clericlevelone.php
[2025-01-29 21:14:20] INFO gbox - Successfully crawled: https://www.gamebanshee.com/curseoftheazurebonds/spells/clericleveltwo.php
[2025-01-29 21:14:20] INFO gbox - Processing https://www.gamebanshee.com/curseoftheazurebonds/spells/clericleveltwo.php
[2025-01-29 21:14:22] INFO gbox - Successfully crawled: https://www.gamebanshee.com/curseoftheazurebonds/spells/clericlevelthree.php
[2025-01-29 21:14:22] INFO gbox - Processing https://www.gamebanshee.com/curseoftheazurebonds/spells/clericlevelthree.php
[2025-01-29 21:14:24] INFO gbox - Successfully crawled: https://www.gamebanshee.com/curseoftheazurebonds/spells/clericlevelfour.php
[2025-01-29 21:14:24] INFO gbox - Processing https://www.gamebanshee.com/curseoftheazurebonds/spells/clericlevelfour.php
[2025-01-29 21:14:25] INFO gbox - Successfully crawled: https://www.gamebanshee.com/curseoftheazurebonds/spells/clericlevelfive.php
[2025-01-29 21:14:25] INFO gbox - Processing https://www.gamebanshee.com/curseoftheazurebonds/spells/clericlevelfive.php
[2025-01-29 21:14:27] INFO gbox - Successfully crawled: https://www.gamebanshee.com/curseoftheazurebonds/spells/mulevelone.php
[2025-01-29 21:14:27] INFO gbox - Processing https://www.gamebanshee.com/curseoftheazurebonds/spells/mulevelone.php
[2025-01-29 21:14:29] INFO gbox - Successfully crawled: https://www.gamebanshee.com/curseoftheazurebonds/spells/muleveltwo.php
[2025-01-29 21:14:29] INFO gbox - Processing https://www.gamebanshee.com/curseoftheazurebonds/spells/muleveltwo.php
[2025-01-29 21:14:31] INFO gbox - Successfully crawled: https://www.gamebanshee.com/curseoftheazurebonds/spells/mulevelthree.php
[2025-01-29 21:14:31] INFO gbox - Processing https://www.gamebanshee.com/curseoftheazurebonds/spells/mulevelthree.php
[2025-01-29 21:14:33] INFO gbox - Successfully crawled: https://www.gamebanshee.com/curseoftheazurebonds/spells/mulevelfour.php
[2025-01-29 21:14:33] INFO gbox - Processing https://www.gamebanshee.com/curseoftheazurebonds/spells/mulevelfour.php
[2025-01-29 21:14:35] INFO gbox - Successfully crawled: https://www.gamebanshee.com/curseoftheazurebonds/spells/mulevelfive.php
[2025-01-29 21:14:35] INFO gbox - Processing https://www.gamebanshee.com/curseoftheazurebonds/spells/mulevelfive.php
[2025-01-29 21:14:37] INFO gbox - Successfully crawled: https://www.gamebanshee.com/curseoftheazurebonds/spells/druidlevelone.php
[2025-01-29 21:14:37] INFO gbox - Processing https://www.gamebanshee.com/curseoftheazurebonds/spells/druidlevelone.php
[2025-01-29 21:14:39] INFO gbox - Successfully crawled: https://www.gamebanshee.com/curseoftheazurebonds/classes.php
[2025-01-29 21:14:39] INFO gbox - Processing https://www.gamebanshee.com/curseoftheazurebonds/classes.php
[2025-01-29 21:14:41] INFO gbox - Successfully crawled: https://www.gamebanshee.com/curseoftheazurebonds/races.php
[2025-01-29 21:14:41] INFO gbox - Processing https://www.gamebanshee.com/curseoftheazurebonds/races.php
[2025-01-29 21:14:43] INFO gbox - Successfully crawled: https://www.gamebanshee.com/curseoftheazurebonds/attributes.php
[2025-01-29 21:14:43] INFO gbox - Processing https://www.gamebanshee.com/curseoftheazurebonds/attributes.php
[2025-01-29 21:14:45] INFO gbox - Successfully crawled: https://www.gamebanshee.com/curseoftheazurebonds/walkthrough/partycreation.php
[2025-01-29 21:14:45] INFO gbox - Processing https://www.gamebanshee.com/curseoftheazurebonds/walkthrough/partycreation.php
[2025-01-29 21:14:47] INFO gbox - Successfully crawled: https://www.gamebanshee.com/curseoftheazurebonds/walkthrough/wilderness.php
[2025-01-29 21:14:47] INFO gbox - Processing https://www.gamebanshee.com/curseoftheazurebonds/walkthrough/wilderness.php
[2025-01-29 21:14:49] INFO gbox - Successfully crawled: https://www.gamebanshee.com/curseoftheazurebonds/walkthrough/tilverton.php
[2025-01-29 21:14:49] INFO gbox - Processing https://www.gamebanshee.com/curseoftheazurebonds/walkthrough/tilverton.php
[2025-01-29 21:14:51] INFO gbox - Successfully crawled: https://www.gamebanshee.com/curseoftheazurebonds/walkthrough/tilvertonsewers.php
[2025-01-29 21:14:51] INFO gbox - Processing https://www.gamebanshee.com/curseoftheazurebonds/walkthrough/tilvertonsewers.php
[2025-01-29 21:14:53] INFO gbox - Successfully crawled: https://www.gamebanshee.com/curseoftheazurebonds/walkthrough/firekniveshideout.php
[2025-01-29 21:14:53] INFO gbox - Processing https://www.gamebanshee.com/curseoftheazurebonds/walkthrough/firekniveshideout.php
[2025-01-29 21:14:54] INFO gbox - Successfully crawled: https://www.gamebanshee.com/curseoftheazurebonds/walkthrough/hap.php
[2025-01-29 21:14:54] INFO gbox - Processing https://www.gamebanshee.com/curseoftheazurebonds/walkthrough/hap.php
[2025-01-29 21:14:56] INFO gbox - Successfully crawled: https://www.gamebanshee.com/curseoftheazurebonds/walkthrough/wizardstower.php
[2025-01-29 21:14:56] INFO gbox - Processing https://www.gamebanshee.com/curseoftheazurebonds/walkthrough/wizardstower.php
[2025-01-29 21:15:27] ERROR asyncio - Future exception was never retrieved
future: <Future finished exception=TargetClosedError('Target page, context or browser has been closed')>
playwright._impl._errors.TargetClosedError: Target page, context or browser has been closed
[2025-01-29 21:21:01] INFO gbox - Found 23 URLs to crawl
[2025-01-29 21:21:04] INFO gbox - Successfully crawled: https://www.gamebanshee.com/curseoftheazurebonds/walkthrough/firekniveshideout.php
[2025-01-29 21:21:04] INFO gbox - Processing https://www.gamebanshee.com/curseoftheazurebonds/walkthrough/firekniveshideout.php
[2025-01-29 21:21:05] INFO gbox - Successfully crawled: https://www.gamebanshee.com/curseoftheazurebonds/walkthrough/hap.php
[2025-01-29 21:21:05] INFO gbox - Processing https://www.gamebanshee.com/curseoftheazurebonds/walkthrough/hap.php
[2025-01-29 21:21:07] INFO gbox - Successfully crawled: https://www.gamebanshee.com/curseoftheazurebonds/walkthrough/wizardstower.php
[2025-01-29 21:21:07] INFO gbox - Processing https://www.gamebanshee.com/curseoftheazurebonds/walkthrough/wizardstower.php
[2025-01-29 21:21:09] INFO gbox - Successfully crawled: https://www.gamebanshee.com/curseoftheazurebonds/walkthrough/yulash.php
[2025-01-29 21:21:09] INFO gbox - Processing https://www.gamebanshee.com/curseoftheazurebonds/walkthrough/yulash.php
[2025-01-29 21:21:11] INFO gbox - Successfully crawled: https://www.gamebanshee.com/curseoftheazurebonds/walkthrough/pitofmoander.php
[2025-01-29 21:21:11] INFO gbox - Processing https://www.gamebanshee.com/curseoftheazurebonds/walkthrough/pitofmoander.php
[2025-01-29 21:21:13] INFO gbox - Successfully crawled: https://www.gamebanshee.com/curseoftheazurebonds/walkthrough/zhentilkeep.php
[2025-01-29 21:21:13] INFO gbox - Processing https://www.gamebanshee.com/curseoftheazurebonds/walkthrough/zhentilkeep.php
[2025-01-29 21:21:15] INFO gbox - Successfully crawled: https://www.gamebanshee.com/curseoftheazurebonds/walkthrough/beholdercave.php
[2025-01-29 21:21:15] INFO gbox - Processing https://www.gamebanshee.com/curseoftheazurebonds/walkthrough/beholdercave.php
[2025-01-29 21:21:17] INFO gbox - Successfully crawled: https://www.gamebanshee.com/curseoftheazurebonds/walkthrough/burialglen.php
[2025-01-29 21:21:17] INFO gbox - Processing https://www.gamebanshee.com/curseoftheazurebonds/walkthrough/burialglen.php
[2025-01-29 21:21:19] INFO gbox - Successfully crawled: https://www.gamebanshee.com/curseoftheazurebonds/walkthrough/ruinsofmythdrannor.php
[2025-01-29 21:21:19] INFO gbox - Processing https://www.gamebanshee.com/curseoftheazurebonds/walkthrough/ruinsofmythdrannor.php
[2025-01-29 21:21:21] INFO gbox - Successfully crawled: https://www.gamebanshee.com/curseoftheazurebonds/walkthrough/grandruinedtemple.php
[2025-01-29 21:21:21] INFO gbox - Processing https://www.gamebanshee.com/curseoftheazurebonds/walkthrough/grandruinedtemple.php
[2025-01-29 21:21:23] INFO gbox - Successfully crawled: https://www.gamebanshee.com/curseoftheazurebonds/walkthrough/hillsfarruins.php
[2025-01-29 21:21:23] INFO gbox - Processing https://www.gamebanshee.com/curseoftheazurebonds/walkthrough/hillsfarruins.php
[2025-01-29 21:21:25] INFO gbox - Successfully crawled: https://www.gamebanshee.com/curseoftheazurebonds/walkthrough/oxamstower.php
[2025-01-29 21:21:25] INFO gbox - Processing https://www.gamebanshee.com/curseoftheazurebonds/walkthrough/oxamstower.php
[2025-01-29 21:21:26] INFO gbox - Successfully crawled: https://www.gamebanshee.com/curseoftheazurebonds/walkthrough/phlanruins.php
[2025-01-29 21:21:26] INFO gbox - Processing https://www.gamebanshee.com/curseoftheazurebonds/walkthrough/phlanruins.php
[2025-01-29 21:21:28] INFO gbox - Successfully crawled: https://www.gamebanshee.com/curseoftheazurebonds/walkthrough/teshwaveruins.php
[2025-01-29 21:21:28] INFO gbox - Processing https://www.gamebanshee.com/curseoftheazurebonds/walkthrough/teshwaveruins.php
[2025-01-29 21:21:30] INFO gbox - Successfully crawled: https://www.gamebanshee.com/poolsofdarkness/equipment-stats.php
[2025-01-29 21:21:30] INFO gbox - Processing https://www.gamebanshee.com/poolsofdarkness/equipment-stats.php
[2025-01-29 21:21:32] INFO gbox - Successfully crawled: https://www.gamebanshee.com/poolsofdarkness/equipment-locs.php
[2025-01-29 21:21:32] INFO gbox - Processing https://www.gamebanshee.com/poolsofdarkness/equipment-locs.php
[2025-01-29 21:21:34] INFO gbox - Successfully crawled: https://www.gamebanshee.com/poolsofdarkness/bestiary/bosses.php
[2025-01-29 21:21:34] INFO gbox - Processing https://www.gamebanshee.com/poolsofdarkness/bestiary/bosses.php
[2025-01-29 21:21:36] INFO gbox - Successfully crawled: https://www.gamebanshee.com/poolsofdarkness/bestiary/humanoids.php
[2025-01-29 21:21:36] INFO gbox - Processing https://www.gamebanshee.com/poolsofdarkness/bestiary/humanoids.php
[2025-01-29 21:21:38] INFO gbox - Successfully crawled: https://www.gamebanshee.com/poolsofdarkness/bestiary/giants.php
[2025-01-29 21:21:38] INFO gbox - Processing https://www.gamebanshee.com/poolsofdarkness/bestiary/giants.php
[2025-01-29 21:21:40] INFO gbox - Successfully crawled: https://www.gamebanshee.com/poolsofdarkness/bestiary/monsters-ag.php
[2025-01-29 21:21:40] INFO gbox - Processing https://www.gamebanshee.com/poolsofdarkness/bestiary/monsters-ag.php
[2025-01-29 21:21:42] INFO gbox - Successfully crawled: https://www.gamebanshee.com/poolsofdarkness/bestiary/monsters-hz.php
[2025-01-29 21:21:42] INFO gbox - Processing https://www.gamebanshee.com/poolsofdarkness/bestiary/monsters-hz.php
[2025-01-29 21:21:44] INFO gbox - Successfully crawled: https://www.gamebanshee.com/poolsofdarkness/bestiary/undead.php
[2025-01-29 21:21:44] INFO gbox - Processing https://www.gamebanshee.com/poolsofdarkness/bestiary/undead.php
[2025-01-29 21:21:46] INFO gbox - Successfully crawled: https://www.gamebanshee.com/poolsofdarkness/abilityscores.php
[2025-01-29 21:21:46] INFO gbox - Processing https://www.gamebanshee.com/poolsofdarkness/abilityscores.php
[2025-01-29 21:25:05] INFO gbox - Found 95 URLs to crawl
[2025-01-29 21:25:08] INFO gbox - Successfully crawled: https://www.gamebanshee.com/poolofradiance/armor.php
[2025-01-29 21:25:08] INFO gbox - Processing https://www.gamebanshee.com/poolofradiance/armor.php
[2025-01-29 21:25:10] INFO gbox - Successfully crawled: https://www.gamebanshee.com/poolofradiance/meleeweapons.php
[2025-01-29 21:25:10] INFO gbox - Processing https://www.gamebanshee.com/poolofradiance/meleeweapons.php
[2025-01-29 21:25:12] INFO gbox - Successfully crawled: https://www.gamebanshee.com/poolofradiance/rangedweapons.php
[2025-01-29 21:25:12] INFO gbox - Processing https://www.gamebanshee.com/poolofradiance/rangedweapons.php
[2025-01-29 21:25:14] INFO gbox - Successfully crawled: https://www.gamebanshee.com/poolofradiance/miscellaneous.php
[2025-01-29 21:25:14] INFO gbox - Processing https://www.gamebanshee.com/poolofradiance/miscellaneous.php
[2025-01-29 21:25:15] INFO gbox - Successfully crawled: https://www.gamebanshee.com/poolofradiance/companions.php
[2025-01-29 21:25:15] INFO gbox - Processing https://www.gamebanshee.com/poolofradiance/companions.php
[2025-01-29 21:25:17] INFO gbox - Successfully crawled: https://www.gamebanshee.com/poolofradiance/bestiary/0-c.php
[2025-01-29 21:25:17] INFO gbox - Processing https://www.gamebanshee.com/poolofradiance/bestiary/0-c.php
[2025-01-29 21:25:19] INFO gbox - Successfully crawled: https://www.gamebanshee.com/poolofradiance/bestiary/d-i.php
[2025-01-29 21:25:19] INFO gbox - Processing https://www.gamebanshee.com/poolofradiance/bestiary/d-i.php
[2025-01-29 21:25:21] INFO gbox - Successfully crawled: https://www.gamebanshee.com/poolofradiance/bestiary/j-s.php
[2025-01-29 21:25:21] INFO gbox - Processing https://www.gamebanshee.com/poolofradiance/bestiary/j-s.php
[2025-01-29 21:25:23] INFO gbox - Successfully crawled: https://www.gamebanshee.com/poolofradiance/bestiary/t-z.php
[2025-01-29 21:25:23] INFO gbox - Processing https://www.gamebanshee.com/poolofradiance/bestiary/t-z.php
[2025-01-29 21:25:25] INFO gbox - Successfully crawled: https://www.gamebanshee.com/poolofradiance/spells/clericlevelone.php
[2025-01-29 21:25:25] INFO gbox - Processing https://www.gamebanshee.com/poolofradiance/spells/clericlevelone.php
[2025-01-29 21:25:27] INFO gbox - Successfully crawled: https://www.gamebanshee.com/poolofradiance/spells/clericleveltwo.php
[2025-01-29 21:25:27] INFO gbox - Processing https://www.gamebanshee.com/poolofradiance/spells/clericleveltwo.php
[2025-01-29 21:25:29] INFO gbox - Successfully crawled: https://www.gamebanshee.com/poolofradiance/spells/clericlevelthree.php
[2025-01-29 21:25:29] INFO gbox - Processing https://www.gamebanshee.com/poolofradiance/spells/clericlevelthree.php
[2025-01-29 21:25:31] INFO gbox - Successfully crawled: https://www.gamebanshee.com/poolofradiance/spells/magelevelone.php
[2025-01-29 21:25:31] INFO gbox - Processing https://www.gamebanshee.com/poolofradiance/spells/magelevelone.php
[2025-01-29 21:25:33] INFO gbox - Successfully crawled: https://www.gamebanshee.com/poolofradiance/spells/mageleveltwo.php
[2025-01-29 21:25:33] INFO gbox - Processing https://www.gamebanshee.com/poolofradiance/spells/mageleveltwo.php
[2025-01-29 21:25:34] INFO gbox - Successfully crawled: https://www.gamebanshee.com/poolofradiance/spells/magelevelthree.php
[2025-01-29 21:25:34] INFO gbox - Processing https://www.gamebanshee.com/poolofradiance/spells/magelevelthree.php
[2025-01-29 21:25:36] INFO gbox - Successfully crawled: https://www.gamebanshee.com/poolofradiance/classes.php
[2025-01-29 21:25:36] INFO gbox - Processing https://www.gamebanshee.com/poolofradiance/classes.php
[2025-01-29 21:25:38] INFO gbox - Successfully crawled: https://www.gamebanshee.com/poolofradiance/races.php
[2025-01-29 21:25:38] INFO gbox - Processing https://www.gamebanshee.com/poolofradiance/races.php
[2025-01-29 21:25:40] INFO gbox - Successfully crawled: https://www.gamebanshee.com/poolofradiance/attributes.php
[2025-01-29 21:25:40] INFO gbox - Processing https://www.gamebanshee.com/poolofradiance/attributes.php
[2025-01-29 21:25:42] INFO gbox - Successfully crawled: https://www.gamebanshee.com/poolofradiance/walkthrough/gameplaytips.php
[2025-01-29 21:25:42] INFO gbox - Processing https://www.gamebanshee.com/poolofradiance/walkthrough/gameplaytips.php
[2025-01-29 21:25:44] INFO gbox - Successfully crawled: https://www.gamebanshee.com/poolofradiance/walkthrough/troubleshooting.php
[2025-01-29 21:25:44] INFO gbox - Processing https://www.gamebanshee.com/poolofradiance/walkthrough/troubleshooting.php
[2025-01-29 21:25:46] INFO gbox - Successfully crawled: https://www.gamebanshee.com/poolofradiance/walkthrough/charactercreation.php
[2025-01-29 21:25:46] INFO gbox - Processing https://www.gamebanshee.com/poolofradiance/walkthrough/charactercreation.php
[2025-01-29 21:25:48] INFO gbox - Successfully crawled: https://www.gamebanshee.com/poolofradiance/walkthrough/civilizeddistrict.php
[2025-01-29 21:25:48] INFO gbox - Processing https://www.gamebanshee.com/poolofradiance/walkthrough/civilizeddistrict.php
[2025-01-29 21:25:50] INFO gbox - Successfully crawled: https://www.gamebanshee.com/poolofradiance/walkthrough/theslums.php
[2025-01-29 21:25:50] INFO gbox - Processing https://www.gamebanshee.com/poolofradiance/walkthrough/theslums.php
[2025-01-29 21:25:52] INFO gbox - Successfully crawled: https://www.gamebanshee.com/poolofradiance/walkthrough/sokalkeep.php
[2025-01-29 21:25:52] INFO gbox - Processing https://www.gamebanshee.com/poolofradiance/walkthrough/sokalkeep.php
[2025-01-29 21:25:54] INFO gbox - Successfully crawled: https://www.gamebanshee.com/poolofradiance/walkthrough/kutoswell.php
[2025-01-29 21:25:54] INFO gbox - Processing https://www.gamebanshee.com/poolofradiance/walkthrough/kutoswell.php
[2025-01-29 21:25:56] INFO gbox - Successfully crawled: https://www.gamebanshee.com/poolofradiance/walkthrough/podalplaza.php
[2025-01-29 21:25:56] INFO gbox - Processing https://www.gamebanshee.com/poolofradiance/walkthrough/podalplaza.php
[2025-01-29 21:25:58] INFO gbox - Successfully crawled: https://www.gamebanshee.com/poolofradiance/walkthrough/textilehouse.php
[2025-01-29 21:25:58] INFO gbox - Processing https://www.gamebanshee.com/poolofradiance/walkthrough/textilehouse.php
[2025-01-29 21:26:00] INFO gbox - Successfully crawled: https://www.gamebanshee.com/poolofradiance/walkthrough/mendorslibrary.php
[2025-01-29 21:26:00] INFO gbox - Processing https://www.gamebanshee.com/poolofradiance/walkthrough/mendorslibrary.php
[2025-01-29 21:26:02] INFO gbox - Successfully crawled: https://www.gamebanshee.com/poolofradiance/walkthrough/kovelmansion.php
[2025-01-29 21:26:02] INFO gbox - Processing https://www.gamebanshee.com/poolofradiance/walkthrough/kovelmansion.php
[2025-01-29 21:26:03] INFO gbox - Successfully crawled: https://www.gamebanshee.com/poolofradiance/walkthrough/wealthydistrict.php
[2025-01-29 21:26:03] INFO gbox - Processing https://www.gamebanshee.com/poolofradiance/walkthrough/wealthydistrict.php
[2025-01-29 21:26:05] INFO gbox - Successfully crawled: https://www.gamebanshee.com/poolofradiance/walkthrough/templeofbane.php
[2025-01-29 21:26:05] INFO gbox - Processing https://www.gamebanshee.com/poolofradiance/walkthrough/templeofbane.php
[2025-01-29 21:26:07] INFO gbox - Successfully crawled: https://www.gamebanshee.com/poolofradiance/walkthrough/valhingengraveyard.php
[2025-01-29 21:26:07] INFO gbox - Processing https://www.gamebanshee.com/poolofradiance/walkthrough/valhingengraveyard.php
[2025-01-29 21:26:09] INFO gbox - Successfully crawled: https://www.gamebanshee.com/poolofradiance/walkthrough/stojanowgate.php
[2025-01-29 21:26:09] INFO gbox - Processing https://www.gamebanshee.com/poolofradiance/walkthrough/stojanowgate.php
[2025-01-29 21:26:11] INFO gbox - Successfully crawled: https://www.gamebanshee.com/poolofradiance/walkthrough/overview.php
[2025-01-29 21:26:11] INFO gbox - Processing https://www.gamebanshee.com/poolofradiance/walkthrough/overview.php
[2025-01-29 21:26:13] INFO gbox - Successfully crawled: https://www.gamebanshee.com/poolofradiance/walkthrough/buccaneerbase.php
[2025-01-29 21:26:13] INFO gbox - Processing https://www.gamebanshee.com/poolofradiance/walkthrough/buccaneerbase.php
[2025-01-29 21:26:15] INFO gbox - Successfully crawled: https://www.gamebanshee.com/poolofradiance/walkthrough/koboldcave.php
[2025-01-29 21:26:15] INFO gbox - Processing https://www.gamebanshee.com/poolofradiance/walkthrough/koboldcave.php
[2025-01-29 21:26:17] INFO gbox - Successfully crawled: https://www.gamebanshee.com/poolofradiance/walkthrough/nomadcamp.php
[2025-01-29 21:26:17] INFO gbox - Processing https://www.gamebanshee.com/poolofradiance/walkthrough/nomadcamp.php
[2025-01-29 21:26:19] INFO gbox - Successfully crawled: https://www.gamebanshee.com/poolofradiance/walkthrough/pyramid.php
[2025-01-29 21:26:19] INFO gbox - Processing https://www.gamebanshee.com/poolofradiance/walkthrough/pyramid.php
[2025-01-29 21:26:21] INFO gbox - Successfully crawled: https://www.gamebanshee.com/poolofradiance/walkthrough/ruinedcastle.php
[2025-01-29 21:26:21] INFO gbox - Processing https://www.gamebanshee.com/poolofradiance/walkthrough/ruinedcastle.php
[2025-01-29 21:26:23] INFO gbox - Successfully crawled: https://www.gamebanshee.com/poolofradiance/walkthrough/zhentilkeep.php
[2025-01-29 21:26:23] INFO gbox - Processing https://www.gamebanshee.com/poolofradiance/walkthrough/zhentilkeep.php
[2025-01-29 21:26:25] INFO gbox - Successfully crawled: https://www.gamebanshee.com/poolofradiance/walkthrough/southwesternquadrant.php
[2025-01-29 21:26:25] INFO gbox - Processing https://www.gamebanshee.com/poolofradiance/walkthrough/southwesternquadrant.php
[2025-01-29 21:26:27] INFO gbox - Successfully crawled: https://www.gamebanshee.com/poolofradiance/walkthrough/southeasternquadrant.php
[2025-01-29 21:26:27] INFO gbox - Processing https://www.gamebanshee.com/poolofradiance/walkthrough/southeasternquadrant.php
[2025-01-29 21:26:28] INFO gbox - Successfully crawled: https://www.gamebanshee.com/poolofradiance/walkthrough/northwesternquadrant.php
[2025-01-29 21:26:28] INFO gbox - Processing https://www.gamebanshee.com/poolofradiance/walkthrough/northwesternquadrant.php
[2025-01-29 21:26:30] INFO gbox - Successfully crawled: https://www.gamebanshee.com/poolofradiance/walkthrough/northeasternquadrant.php
[2025-01-29 21:26:30] INFO gbox - Processing https://www.gamebanshee.com/poolofradiance/walkthrough/northeasternquadrant.php
[2025-01-29 21:26:32] INFO gbox - Successfully crawled: https://www.gamebanshee.com/poolofradiance/walkthrough/upperandlowerlevels.php
[2025-01-29 21:26:32] INFO gbox - Processing https://www.gamebanshee.com/poolofradiance/walkthrough/upperandlowerlevels.php
[2025-01-29 21:26:34] INFO gbox - Successfully crawled: https://www.gamebanshee.com/curseoftheazurebonds/armor.php
[2025-01-29 21:26:34] INFO gbox - Processing https://www.gamebanshee.com/curseoftheazurebonds/armor.php
[2025-01-29 21:26:36] INFO gbox - Successfully crawled: https://www.gamebanshee.com/curseoftheazurebonds/weapons.php
[2025-01-29 21:26:36] INFO gbox - Processing https://www.gamebanshee.com/curseoftheazurebonds/weapons.php
[2025-01-29 21:26:38] INFO gbox - Successfully crawled: https://www.gamebanshee.com/curseoftheazurebonds/miscellaneous.php
[2025-01-29 21:26:38] INFO gbox - Processing https://www.gamebanshee.com/curseoftheazurebonds/miscellaneous.php
[2025-01-29 21:26:40] INFO gbox - Successfully crawled: https://www.gamebanshee.com/curseoftheazurebonds/companions.php
[2025-01-29 21:26:40] INFO gbox - Processing https://www.gamebanshee.com/curseoftheazurebonds/companions.php
[2025-01-29 21:26:42] INFO gbox - Successfully crawled: https://www.gamebanshee.com/curseoftheazurebonds/bestiary/humanoids-al.php
[2025-01-29 21:26:42] INFO gbox - Processing https://www.gamebanshee.com/curseoftheazurebonds/bestiary/humanoids-al.php
[2025-01-29 21:26:44] INFO gbox - Successfully crawled: https://www.gamebanshee.com/curseoftheazurebonds/bestiary/humanoids-mz.php
[2025-01-29 21:26:44] INFO gbox - Processing https://www.gamebanshee.com/curseoftheazurebonds/bestiary/humanoids-mz.php
[2025-01-29 21:26:46] INFO gbox - Successfully crawled: https://www.gamebanshee.com/curseoftheazurebonds/bestiary/monsters-al.php
[2025-01-29 21:26:46] INFO gbox - Processing https://www.gamebanshee.com/curseoftheazurebonds/bestiary/monsters-al.php
[2025-01-29 21:26:48] INFO gbox - Successfully crawled: https://www.gamebanshee.com/curseoftheazurebonds/bestiary/monsters-mz.php
[2025-01-29 21:26:48] INFO gbox - Processing https://www.gamebanshee.com/curseoftheazurebonds/bestiary/monsters-mz.php
[2025-01-29 21:26:50] INFO gbox - Successfully crawled: https://www.gamebanshee.com/curseoftheazurebonds/bestiary/bosses.php
[2025-01-29 21:26:50] INFO gbox - Processing https://www.gamebanshee.com/curseoftheazurebonds/bestiary/bosses.php
[2025-01-29 21:26:52] INFO gbox - Successfully crawled: https://www.gamebanshee.com/curseoftheazurebonds/spells/clericlevelone.php
[2025-01-29 21:26:52] INFO gbox - Processing https://www.gamebanshee.com/curseoftheazurebonds/spells/clericlevelone.php
[2025-01-29 21:26:54] INFO gbox - Successfully crawled: https://www.gamebanshee.com/curseoftheazurebonds/spells/clericleveltwo.php
[2025-01-29 21:26:54] INFO gbox - Processing https://www.gamebanshee.com/curseoftheazurebonds/spells/clericleveltwo.php
[2025-01-29 21:26:56] INFO gbox - Successfully crawled: https://www.gamebanshee.com/curseoftheazurebonds/spells/clericlevelthree.php
[2025-01-29 21:26:56] INFO gbox - Processing https://www.gamebanshee.com/curseoftheazurebonds/spells/clericlevelthree.php
[2025-01-29 21:26:58] INFO gbox - Successfully crawled: https://www.gamebanshee.com/curseoftheazurebonds/spells/clericlevelfour.php
[2025-01-29 21:26:58] INFO gbox - Processing https://www.gamebanshee.com/curseoftheazurebonds/spells/clericlevelfour.php
[2025-01-29 21:27:00] INFO gbox - Successfully crawled: https://www.gamebanshee.com/curseoftheazurebonds/spells/clericlevelfive.php
[2025-01-29 21:27:00] INFO gbox - Processing https://www.gamebanshee.com/curseoftheazurebonds/spells/clericlevelfive.php
[2025-01-29 21:27:01] INFO gbox - Successfully crawled: https://www.gamebanshee.com/curseoftheazurebonds/spells/mulevelone.php
[2025-01-29 21:27:01] INFO gbox - Processing https://www.gamebanshee.com/curseoftheazurebonds/spells/mulevelone.php
[2025-01-29 21:27:03] INFO gbox - Successfully crawled: https://www.gamebanshee.com/curseoftheazurebonds/spells/muleveltwo.php
[2025-01-29 21:27:03] INFO gbox - Processing https://www.gamebanshee.com/curseoftheazurebonds/spells/muleveltwo.php
[2025-01-29 21:27:05] INFO gbox - Successfully crawled: https://www.gamebanshee.com/curseoftheazurebonds/spells/mulevelthree.php
[2025-01-29 21:27:05] INFO gbox - Processing https://www.gamebanshee.com/curseoftheazurebonds/spells/mulevelthree.php
[2025-01-29 21:27:07] INFO gbox - Successfully crawled: https://www.gamebanshee.com/curseoftheazurebonds/spells/mulevelfour.php
[2025-01-29 21:27:07] INFO gbox - Processing https://www.gamebanshee.com/curseoftheazurebonds/spells/mulevelfour.php
[2025-01-29 21:27:09] INFO gbox - Successfully crawled: https://www.gamebanshee.com/curseoftheazurebonds/spells/mulevelfive.php
[2025-01-29 21:27:09] INFO gbox - Processing https://www.gamebanshee.com/curseoftheazurebonds/spells/mulevelfive.php
[2025-01-29 21:27:11] INFO gbox - Successfully crawled: https://www.gamebanshee.com/curseoftheazurebonds/spells/druidlevelone.php
[2025-01-29 21:27:11] INFO gbox - Processing https://www.gamebanshee.com/curseoftheazurebonds/spells/druidlevelone.php
[2025-01-29 21:27:13] INFO gbox - Successfully crawled: https://www.gamebanshee.com/curseoftheazurebonds/classes.php
[2025-01-29 21:27:13] INFO gbox - Processing https://www.gamebanshee.com/curseoftheazurebonds/classes.php
[2025-01-29 21:27:15] INFO gbox - Successfully crawled: https://www.gamebanshee.com/curseoftheazurebonds/races.php
[2025-01-29 21:27:15] INFO gbox - Processing https://www.gamebanshee.com/curseoftheazurebonds/races.php
[2025-01-29 21:27:17] INFO gbox - Successfully crawled: https://www.gamebanshee.com/curseoftheazurebonds/attributes.php
[2025-01-29 21:27:17] INFO gbox - Processing https://www.gamebanshee.com/curseoftheazurebonds/attributes.php
[2025-01-29 21:27:19] INFO gbox - Successfully crawled: https://www.gamebanshee.com/curseoftheazurebonds/walkthrough/partycreation.php
[2025-01-29 21:27:19] INFO gbox - Processing https://www.gamebanshee.com/curseoftheazurebonds/walkthrough/partycreation.php
[2025-01-29 21:27:21] INFO gbox - Successfully crawled: https://www.gamebanshee.com/curseoftheazurebonds/walkthrough/wilderness.php
[2025-01-29 21:27:21] INFO gbox - Processing https://www.gamebanshee.com/curseoftheazurebonds/walkthrough/wilderness.php
[2025-01-29 21:27:23] INFO gbox - Successfully crawled: https://www.gamebanshee.com/curseoftheazurebonds/walkthrough/tilverton.php
[2025-01-29 21:27:23] INFO gbox - Processing https://www.gamebanshee.com/curseoftheazurebonds/walkthrough/tilverton.php
[2025-01-29 21:27:24] INFO gbox - Successfully crawled: https://www.gamebanshee.com/curseoftheazurebonds/walkthrough/tilvertonsewers.php
[2025-01-29 21:27:24] INFO gbox - Processing https://www.gamebanshee.com/curseoftheazurebonds/walkthrough/tilvertonsewers.php
[2025-01-29 21:27:27] INFO gbox - Successfully crawled: https://www.gamebanshee.com/curseoftheazurebonds/walkthrough/firekniveshideout.php
[2025-01-29 21:27:27] INFO gbox - Processing https://www.gamebanshee.com/curseoftheazurebonds/walkthrough/firekniveshideout.php
[2025-01-29 21:27:29] INFO gbox - Successfully crawled: https://www.gamebanshee.com/curseoftheazurebonds/walkthrough/hap.php
[2025-01-29 21:27:29] INFO gbox - Processing https://www.gamebanshee.com/curseoftheazurebonds/walkthrough/hap.php
[2025-01-29 21:27:30] INFO gbox - Successfully crawled: https://www.gamebanshee.com/curseoftheazurebonds/walkthrough/wizardstower.php
[2025-01-29 21:27:30] INFO gbox - Processing https://www.gamebanshee.com/curseoftheazurebonds/walkthrough/wizardstower.php
[2025-01-29 21:27:32] INFO gbox - Successfully crawled: https://www.gamebanshee.com/curseoftheazurebonds/walkthrough/yulash.php
[2025-01-29 21:27:32] INFO gbox - Processing https://www.gamebanshee.com/curseoftheazurebonds/walkthrough/yulash.php
[2025-01-29 21:27:34] INFO gbox - Successfully crawled: https://www.gamebanshee.com/curseoftheazurebonds/walkthrough/pitofmoander.php
[2025-01-29 21:27:34] INFO gbox - Processing https://www.gamebanshee.com/curseoftheazurebonds/walkthrough/pitofmoander.php
[2025-01-29 21:27:36] INFO gbox - Successfully crawled: https://www.gamebanshee.com/curseoftheazurebonds/walkthrough/zhentilkeep.php
[2025-01-29 21:27:36] INFO gbox - Processing https://www.gamebanshee.com/curseoftheazurebonds/walkthrough/zhentilkeep.php
[2025-01-29 21:27:38] INFO gbox - Successfully crawled: https://www.gamebanshee.com/curseoftheazurebonds/walkthrough/beholdercave.php
[2025-01-29 21:27:38] INFO gbox - Processing https://www.gamebanshee.com/curseoftheazurebonds/walkthrough/beholdercave.php
[2025-01-29 21:27:40] INFO gbox - Successfully crawled: https://www.gamebanshee.com/curseoftheazurebonds/walkthrough/burialglen.php
[2025-01-29 21:27:40] INFO gbox - Processing https://www.gamebanshee.com/curseoftheazurebonds/walkthrough/burialglen.php
[2025-01-29 21:27:42] INFO gbox - Successfully crawled: https://www.gamebanshee.com/curseoftheazurebonds/walkthrough/ruinsofmythdrannor.php
[2025-01-29 21:27:42] INFO gbox - Processing https://www.gamebanshee.com/curseoftheazurebonds/walkthrough/ruinsofmythdrannor.php
[2025-01-29 21:27:44] INFO gbox - Successfully crawled: https://www.gamebanshee.com/curseoftheazurebonds/walkthrough/grandruinedtemple.php
[2025-01-29 21:27:44] INFO gbox - Processing https://www.gamebanshee.com/curseoftheazurebonds/walkthrough/grandruinedtemple.php
[2025-01-29 21:27:46] INFO gbox - Successfully crawled: https://www.gamebanshee.com/curseoftheazurebonds/walkthrough/hillsfarruins.php
[2025-01-29 21:27:46] INFO gbox - Processing https://www.gamebanshee.com/curseoftheazurebonds/walkthrough/hillsfarruins.php
[2025-01-29 21:27:48] INFO gbox - Successfully crawled: https://www.gamebanshee.com/curseoftheazurebonds/walkthrough/oxamstower.php
[2025-01-29 21:27:48] INFO gbox - Processing https://www.gamebanshee.com/curseoftheazurebonds/walkthrough/oxamstower.php
[2025-01-29 21:27:50] INFO gbox - Successfully crawled: https://www.gamebanshee.com/curseoftheazurebonds/walkthrough/phlanruins.php
[2025-01-29 21:27:50] INFO gbox - Processing https://www.gamebanshee.com/curseoftheazurebonds/walkthrough/phlanruins.php
[2025-01-29 21:27:52] INFO gbox - Successfully crawled: https://www.gamebanshee.com/curseoftheazurebonds/walkthrough/teshwaveruins.php
[2025-01-29 21:27:52] INFO gbox - Processing https://www.gamebanshee.com/curseoftheazurebonds/walkthrough/teshwaveruins.php
[2025-01-29 21:27:53] INFO gbox - Successfully crawled: https://www.gamebanshee.com/poolsofdarkness/equipment-stats.php
[2025-01-29 21:27:53] INFO gbox - Processing https://www.gamebanshee.com/poolsofdarkness/equipment-stats.php
[2025-01-29 21:27:55] INFO gbox - Successfully crawled: https://www.gamebanshee.com/poolsofdarkness/equipment-locs.php
[2025-01-29 21:27:55] INFO gbox - Processing https://www.gamebanshee.com/poolsofdarkness/equipment-locs.php
[2025-01-29 21:27:57] INFO gbox - Successfully crawled: https://www.gamebanshee.com/poolsofdarkness/bestiary/bosses.php
[2025-01-29 21:27:57] INFO gbox - Processing https://www.gamebanshee.com/poolsofdarkness/bestiary/bosses.php
[2025-01-29 21:27:59] INFO gbox - Successfully crawled: https://www.gamebanshee.com/poolsofdarkness/bestiary/humanoids.php
[2025-01-29 21:27:59] INFO gbox - Processing https://www.gamebanshee.com/poolsofdarkness/bestiary/humanoids.php
[2025-01-29 21:28:01] INFO gbox - Successfully crawled: https://www.gamebanshee.com/poolsofdarkness/bestiary/giants.php
[2025-01-29 21:28:01] INFO gbox - Processing https://www.gamebanshee.com/poolsofdarkness/bestiary/giants.php
[2025-01-29 21:28:03] INFO gbox - Successfully crawled: https://www.gamebanshee.com/poolsofdarkness/bestiary/monsters-ag.php
[2025-01-29 21:28:03] INFO gbox - Processing https://www.gamebanshee.com/poolsofdarkness/bestiary/monsters-ag.php
[2025-01-29 21:28:05] INFO gbox - Successfully crawled: https://www.gamebanshee.com/poolsofdarkness/bestiary/monsters-hz.php
[2025-01-29 21:28:05] INFO gbox - Processing https://www.gamebanshee.com/poolsofdarkness/bestiary/monsters-hz.php
[2025-01-29 21:28:07] INFO gbox - Successfully crawled: https://www.gamebanshee.com/poolsofdarkness/bestiary/undead.php
[2025-01-29 21:28:07] INFO gbox - Processing https://www.gamebanshee.com/poolsofdarkness/bestiary/undead.php
[2025-01-29 21:28:09] INFO gbox - Successfully crawled: https://www.gamebanshee.com/poolsofdarkness/abilityscores.php
[2025-01-29 21:28:09] INFO gbox - Processing https://www.gamebanshee.com/poolsofdarkness/abilityscores.php
